Analysis & Synthesis report for gn
Wed Dec 04 15:32:10 2019
Quartus II Version 9.0 Build 132 02/25/2009 SJ Web Edition


---------------------
; Table of Contents ;
---------------------
  1. Legal Notice
  2. Analysis & Synthesis Summary
  3. Analysis & Synthesis Settings
  4. Analysis & Synthesis Source Files Read
  5. Analysis & Synthesis Resource Usage Summary
  6. Analysis & Synthesis Resource Utilization by Entity
  7. State Machine - |gn|state
  8. Registers Removed During Synthesis
  9. General Register Statistics
 10. Inverted Register Statistics
 11. Multiplexer Restructuring Statistics (Restructuring Performed)
 12. Parameter Settings for User Entity Instance: Top-level Entity: |gn
 13. Parameter Settings for Inferred Entity Instance: lpm_divide:Mod0
 14. Analysis & Synthesis Messages
 15. Analysis & Synthesis Suppressed Messages



----------------
; Legal Notice ;
----------------
Copyright (C) 1991-2009 Altera Corporation
Your use of Altera Corporation's design tools, logic functions 
and other software and tools, and its AMPP partner logic 
functions, and any output files from any of the foregoing 
(including device programming or simulation files), and any 
associated documentation or information are expressly subject 
to the terms and conditions of the Altera Program License 
Subscription Agreement, Altera MegaCore Function License 
Agreement, or other applicable license agreement, including, 
without limitation, that your use is for the sole purpose of 
programming logic devices manufactured by Altera and sold by 
Altera or its authorized distributors.  Please refer to the 
applicable agreement for further details.



+-----------------------------------------------------------------------+
; Analysis & Synthesis Summary                                          ;
+-----------------------------+-----------------------------------------+
; Analysis & Synthesis Status ; Successful - Wed Dec 04 15:32:10 2019   ;
; Quartus II Version          ; 9.0 Build 132 02/25/2009 SJ Web Edition ;
; Revision Name               ; gn                                      ;
; Top-level Entity Name       ; gn                                      ;
; Family                      ; Cyclone                                 ;
; Total logic elements        ; 203                                     ;
; Total pins                  ; 58                                      ;
; Total virtual pins          ; 0                                       ;
; Total memory bits           ; 0                                       ;
; Total PLLs                  ; 0                                       ;
+-----------------------------+-----------------------------------------+


+----------------------------------------------------------------------------------------------------------+
; Analysis & Synthesis Settings                                                                            ;
+----------------------------------------------------------------+--------------------+--------------------+
; Option                                                         ; Setting            ; Default Value      ;
+----------------------------------------------------------------+--------------------+--------------------+
; Device                                                         ; EP1C6Q240C8        ;                    ;
; Top-level entity name                                          ; gn                 ; gn                 ;
; Family name                                                    ; Cyclone            ; Stratix II         ;
; Use Generated Physical Constraints File                        ; Off                ;                    ;
; Use smart compilation                                          ; Off                ; Off                ;
; Restructure Multiplexers                                       ; Auto               ; Auto               ;
; Create Debugging Nodes for IP Cores                            ; Off                ; Off                ;
; Preserve fewer node names                                      ; On                 ; On                 ;
; Disable OpenCore Plus hardware evaluation                      ; Off                ; Off                ;
; Verilog Version                                                ; Verilog_2001       ; Verilog_2001       ;
; VHDL Version                                                   ; VHDL93             ; VHDL93             ;
; State Machine Processing                                       ; Auto               ; Auto               ;
; Safe State Machine                                             ; Off                ; Off                ;
; Extract Verilog State Machines                                 ; On                 ; On                 ;
; Extract VHDL State Machines                                    ; On                 ; On                 ;
; Ignore Verilog initial constructs                              ; Off                ; Off                ;
; Iteration limit for constant Verilog loops                     ; 5000               ; 5000               ;
; Iteration limit for non-constant Verilog loops                 ; 250                ; 250                ;
; Add Pass-Through Logic to Inferred RAMs                        ; On                 ; On                 ;
; Parallel Synthesis                                             ; Off                ; Off                ;
; NOT Gate Push-Back                                             ; On                 ; On                 ;
; Power-Up Don't Care                                            ; On                 ; On                 ;
; Remove Redundant Logic Cells                                   ; Off                ; Off                ;
; Remove Duplicate Registers                                     ; On                 ; On                 ;
; Ignore CARRY Buffers                                           ; Off                ; Off                ;
; Ignore CASCADE Buffers                                         ; Off                ; Off                ;
; Ignore GLOBAL Buffers                                          ; Off                ; Off                ;
; Ignore ROW GLOBAL Buffers                                      ; Off                ; Off                ;
; Ignore LCELL Buffers                                           ; Off                ; Off                ;
; Ignore SOFT Buffers                                            ; On                 ; On                 ;
; Limit AHDL Integers to 32 Bits                                 ; Off                ; Off                ;
; Optimization Technique                                         ; Balanced           ; Balanced           ;
; Carry Chain Length                                             ; 70                 ; 70                 ;
; Auto Carry Chains                                              ; On                 ; On                 ;
; Auto Open-Drain Pins                                           ; On                 ; On                 ;
; Perform WYSIWYG Primitive Resynthesis                          ; Off                ; Off                ;
; Auto ROM Replacement                                           ; On                 ; On                 ;
; Auto RAM Replacement                                           ; On                 ; On                 ;
; Auto Shift Register Replacement                                ; Auto               ; Auto               ;
; Auto Clock Enable Replacement                                  ; On                 ; On                 ;
; Strict RAM Replacement                                         ; Off                ; Off                ;
; Allow Synchronous Control Signals                              ; On                 ; On                 ;
; Force Use of Synchronous Clear Signals                         ; Off                ; Off                ;
; Auto RAM Block Balancing                                       ; On                 ; On                 ;
; Auto RAM to Logic Cell Conversion                              ; Off                ; Off                ;
; Auto Resource Sharing                                          ; Off                ; Off                ;
; Allow Any RAM Size For Recognition                             ; Off                ; Off                ;
; Allow Any ROM Size For Recognition                             ; Off                ; Off                ;
; Allow Any Shift Register Size For Recognition                  ; Off                ; Off                ;
; Use LogicLock Constraints during Resource Balancing            ; On                 ; On                 ;
; Ignore translate_off and synthesis_off directives              ; Off                ; Off                ;
; Show Parameter Settings Tables in Synthesis Report             ; On                 ; On                 ;
; Ignore Maximum Fan-Out Assignments                             ; Off                ; Off                ;
; Synchronization Register Chain Length                          ; 2                  ; 2                  ;
; PowerPlay Power Optimization                                   ; Normal compilation ; Normal compilation ;
; HDL message level                                              ; Level2             ; Level2             ;
; Suppress Register Optimization Related Messages                ; Off                ; Off                ;
; Number of Removed Registers Reported in Synthesis Report       ; 100                ; 100                ;
; Number of Inverted Registers Reported in Synthesis Report      ; 100                ; 100                ;
; Clock MUX Protection                                           ; On                 ; On                 ;
; Block Design Naming                                            ; Auto               ; Auto               ;
; Synthesis Effort                                               ; Auto               ; Auto               ;
; Allows Asynchronous Clear Usage For Shift Register Replacement ; On                 ; On                 ;
; Analysis & Synthesis Message Level                             ; Medium             ; Medium             ;
+----------------------------------------------------------------+--------------------+--------------------+


+---------------------------------------------------------------------------------------------------------------------------------------------------------------+
; Analysis & Synthesis Source Files Read                                                                                                                        ;
+----------------------------------+-----------------+------------------------------+---------------------------------------------------------------------------+
; File Name with User-Entered Path ; Used in Netlist ; File Type                    ; File Name with Absolute Path                                              ;
+----------------------------------+-----------------+------------------------------+---------------------------------------------------------------------------+
; gn.v                             ; yes             ; User Verilog HDL File        ; C:/Users/user/Desktop/B10607044_¼ï¤D¦Ö_Project/gn.v                       ;
; lpm_divide.tdf                   ; yes             ; Megafunction                 ; c:/altera/90/quartus/libraries/megafunctions/lpm_divide.tdf               ;
; abs_divider.inc                  ; yes             ; Megafunction                 ; c:/altera/90/quartus/libraries/megafunctions/abs_divider.inc              ;
; sign_div_unsign.inc              ; yes             ; Megafunction                 ; c:/altera/90/quartus/libraries/megafunctions/sign_div_unsign.inc          ;
; aglobal90.inc                    ; yes             ; Megafunction                 ; c:/altera/90/quartus/libraries/megafunctions/aglobal90.inc                ;
; db/lpm_divide_ktl.tdf            ; yes             ; Auto-Generated Megafunction  ; C:/Users/user/Desktop/B10607044_¼ï¤D¦Ö_Project/db/lpm_divide_ktl.tdf      ;
; db/sign_div_unsign_dkh.tdf       ; yes             ; Auto-Generated Megafunction  ; C:/Users/user/Desktop/B10607044_¼ï¤D¦Ö_Project/db/sign_div_unsign_dkh.tdf ;
; db/alt_u_div_aoe.tdf             ; yes             ; Auto-Generated Megafunction  ; C:/Users/user/Desktop/B10607044_¼ï¤D¦Ö_Project/db/alt_u_div_aoe.tdf       ;
; db/add_sub_3dc.tdf               ; yes             ; Auto-Generated Megafunction  ; C:/Users/user/Desktop/B10607044_¼ï¤D¦Ö_Project/db/add_sub_3dc.tdf         ;
; db/add_sub_4dc.tdf               ; yes             ; Auto-Generated Megafunction  ; C:/Users/user/Desktop/B10607044_¼ï¤D¦Ö_Project/db/add_sub_4dc.tdf         ;
; db/add_sub_5dc.tdf               ; yes             ; Auto-Generated Megafunction  ; C:/Users/user/Desktop/B10607044_¼ï¤D¦Ö_Project/db/add_sub_5dc.tdf         ;
; db/add_sub_6dc.tdf               ; yes             ; Auto-Generated Megafunction  ; C:/Users/user/Desktop/B10607044_¼ï¤D¦Ö_Project/db/add_sub_6dc.tdf         ;
; db/add_sub_7dc.tdf               ; yes             ; Auto-Generated Megafunction  ; C:/Users/user/Desktop/B10607044_¼ï¤D¦Ö_Project/db/add_sub_7dc.tdf         ;
; db/add_sub_8dc.tdf               ; yes             ; Auto-Generated Megafunction  ; C:/Users/user/Desktop/B10607044_¼ï¤D¦Ö_Project/db/add_sub_8dc.tdf         ;
; db/add_sub_9dc.tdf               ; yes             ; Auto-Generated Megafunction  ; C:/Users/user/Desktop/B10607044_¼ï¤D¦Ö_Project/db/add_sub_9dc.tdf         ;
+----------------------------------+-----------------+------------------------------+---------------------------------------------------------------------------+


+-----------------------------------------------------+
; Analysis & Synthesis Resource Usage Summary         ;
+---------------------------------------------+-------+
; Resource                                    ; Usage ;
+---------------------------------------------+-------+
; Total logic elements                        ; 203   ;
;     -- Combinational with no register       ; 109   ;
;     -- Register only                        ; 11    ;
;     -- Combinational with a register        ; 83    ;
;                                             ;       ;
; Logic element usage by number of LUT inputs ;       ;
;     -- 4 input functions                    ; 62    ;
;     -- 3 input functions                    ; 58    ;
;     -- 2 input functions                    ; 64    ;
;     -- 1 input functions                    ; 7     ;
;     -- 0 input functions                    ; 1     ;
;                                             ;       ;
; Logic elements by mode                      ;       ;
;     -- normal mode                          ; 168   ;
;     -- arithmetic mode                      ; 35    ;
;     -- qfbk mode                            ; 0     ;
;     -- register cascade mode                ; 0     ;
;     -- synchronous clear/load mode          ; 24    ;
;     -- asynchronous clear/load mode         ; 80    ;
;                                             ;       ;
; Total registers                             ; 94    ;
; Total logic cells in carry chains           ; 42    ;
; I/O pins                                    ; 58    ;
; Maximum fan-out node                        ; clk   ;
; Maximum fan-out                             ; 94    ;
; Total fan-out                               ; 916   ;
; Average fan-out                             ; 3.51  ;
+---------------------------------------------+-------+


+-----------------------------------------------------------------------------------------------------------------------------------------------------------------------------------------------------------------------------------------------------------------------------------------------------------------------------------------+
; Analysis & Synthesis Resource Utilization by Entity                                                                                                                                                                                                                                                                                     ;
+----------------------------------------+-------------+--------------+-------------+------+--------------+--------------+-------------------+------------------+-----------------+------------+---------------------------------------------------------------------------------------------------------------------------+--------------+
; Compilation Hierarchy Node             ; Logic Cells ; LC Registers ; Memory Bits ; Pins ; Virtual Pins ; LUT-Only LCs ; Register-Only LCs ; LUT/Register LCs ; Carry Chain LCs ; Packed LCs ; Full Hierarchy Name                                                                                                       ; Library Name ;
+----------------------------------------+-------------+--------------+-------------+------+--------------+--------------+-------------------+------------------+-----------------+------------+---------------------------------------------------------------------------------------------------------------------------+--------------+
; |gn                                    ; 203 (195)   ; 94           ; 0           ; 58   ; 0            ; 109 (101)    ; 11 (11)           ; 83 (83)          ; 42 (34)         ; 0 (0)      ; |gn                                                                                                                       ; work         ;
;    |lpm_divide:Mod0|                   ; 8 (0)       ; 0            ; 0           ; 0    ; 0            ; 8 (0)        ; 0 (0)             ; 0 (0)            ; 8 (0)           ; 0 (0)      ; |gn|lpm_divide:Mod0                                                                                                       ; work         ;
;       |lpm_divide_ktl:auto_generated|  ; 8 (0)       ; 0            ; 0           ; 0    ; 0            ; 8 (0)        ; 0 (0)             ; 0 (0)            ; 8 (0)           ; 0 (0)      ; |gn|lpm_divide:Mod0|lpm_divide_ktl:auto_generated                                                                         ; work         ;
;          |sign_div_unsign_dkh:divider| ; 8 (0)       ; 0            ; 0           ; 0    ; 0            ; 8 (0)        ; 0 (0)             ; 0 (0)            ; 8 (0)           ; 0 (0)      ; |gn|lpm_divide:Mod0|lpm_divide_ktl:auto_generated|sign_div_unsign_dkh:divider                                             ; work         ;
;             |alt_u_div_aoe:divider|    ; 8 (0)       ; 0            ; 0           ; 0    ; 0            ; 8 (0)        ; 0 (0)             ; 0 (0)            ; 8 (0)           ; 0 (0)      ; |gn|lpm_divide:Mod0|lpm_divide_ktl:auto_generated|sign_div_unsign_dkh:divider|alt_u_div_aoe:divider                       ; work         ;
;                |add_sub_9dc:add_sub_6| ; 8 (8)       ; 0            ; 0           ; 0    ; 0            ; 8 (8)        ; 0 (0)             ; 0 (0)            ; 8 (8)           ; 0 (0)      ; |gn|lpm_divide:Mod0|lpm_divide_ktl:auto_generated|sign_div_unsign_dkh:divider|alt_u_div_aoe:divider|add_sub_9dc:add_sub_6 ; work         ;
+----------------------------------------+-------------+--------------+-------------+------+--------------+--------------+-------------------+------------------+-----------------+------------+---------------------------------------------------------------------------------------------------------------------------+--------------+
Note: For table entries with two numbers listed, the numbers in parentheses indicate the number of resources of the given type used by the specific entity alone. The numbers listed outside of parentheses indicate the total resources of the given type used by the specific entity and all of its sub-entities in the hierarchy.


Encoding Type:  One-Hot
+--------------------------------------------------------------------------------------------------------------------+
; State Machine - |gn|state                                                                                          ;
+------------+------------+------------+------------+------------+------------+------------+------------+------------+
; Name       ; state.0111 ; state.0110 ; state.0101 ; state.0100 ; state.0011 ; state.0010 ; state.0001 ; state.0000 ;
+------------+------------+------------+------------+------------+------------+------------+------------+------------+
; state.0000 ; 0          ; 0          ; 0          ; 0          ; 0          ; 0          ; 0          ; 0          ;
; state.0001 ; 0          ; 0          ; 0          ; 0          ; 0          ; 0          ; 1          ; 1          ;
; state.0010 ; 0          ; 0          ; 0          ; 0          ; 0          ; 1          ; 0          ; 1          ;
; state.0011 ; 0          ; 0          ; 0          ; 0          ; 1          ; 0          ; 0          ; 1          ;
; state.0100 ; 0          ; 0          ; 0          ; 1          ; 0          ; 0          ; 0          ; 1          ;
; state.0101 ; 0          ; 0          ; 1          ; 0          ; 0          ; 0          ; 0          ; 1          ;
; state.0110 ; 0          ; 1          ; 0          ; 0          ; 0          ; 0          ; 0          ; 1          ;
; state.0111 ; 1          ; 0          ; 0          ; 0          ; 0          ; 0          ; 0          ; 1          ;
+------------+------------+------------+------------+------------+------------+------------+------------+------------+


+--------------------------------------------------------------------------------+
; Registers Removed During Synthesis                                             ;
+---------------------------------------+----------------------------------------+
; Register name                         ; Reason for Removal                     ;
+---------------------------------------+----------------------------------------+
; g_number_unit[4..5]                   ; Merged with g_number_unit[6]           ;
; g_number_unit[6]                      ; Stuck at GND due to stuck port data_in ;
; g_number_ten[0]                       ; Stuck at GND due to stuck port data_in ;
; state~18                              ; Lost fanout                            ;
; state~19                              ; Lost fanout                            ;
; state~20                              ; Lost fanout                            ;
; state~21                              ; Lost fanout                            ;
; Total Number of Removed Registers = 8 ;                                        ;
+---------------------------------------+----------------------------------------+


+------------------------------------------------------+
; General Register Statistics                          ;
+----------------------------------------------+-------+
; Statistic                                    ; Value ;
+----------------------------------------------+-------+
; Total registers                              ; 94    ;
; Number of registers using Synchronous Clear  ; 24    ;
; Number of registers using Synchronous Load   ; 13    ;
; Number of registers using Asynchronous Clear ; 80    ;
; Number of registers using Asynchronous Load  ; 0     ;
; Number of registers using Clock Enable       ; 83    ;
; Number of registers using Preset             ; 0     ;
+----------------------------------------------+-------+


+---------------------------------------------------+
; Inverted Register Statistics                      ;
+-----------------------------------------+---------+
; Inverted Register                       ; Fan out ;
+-----------------------------------------+---------+
; max_ten[4]~reg0                         ; 1       ;
; max_ten[7]~reg0                         ; 1       ;
; max_unit[4]~reg0                        ; 1       ;
; max_unit[7]~reg0                        ; 1       ;
; min_ten[6]~reg0                         ; 1       ;
; min_ten[7]~reg0                         ; 1       ;
; min_unit[6]~reg0                        ; 1       ;
; min_unit[7]~reg0                        ; 1       ;
; max_number[6]                           ; 1       ;
; max_number[5]                           ; 1       ;
; seed[6]                                 ; 8       ;
; c_number[5]                             ; 7       ;
; seed[4]                                 ; 2       ;
; c_number[3]                             ; 7       ;
; seed[3]                                 ; 2       ;
; max_number[1]                           ; 1       ;
; seed[2]                                 ; 2       ;
; c_number[1]                             ; 5       ;
; max_number[0]                           ; 1       ;
; c_number[0]                             ; 4       ;
; seed[0]                                 ; 1       ;
; Total number of inverted registers = 21 ;         ;
+-----------------------------------------+---------+


+------------------------------------------------------------------------------------------------------------------------------------------+
; Multiplexer Restructuring Statistics (Restructuring Performed)                                                                           ;
+--------------------+-----------+---------------+----------------------+------------------------+------------+----------------------------+
; Multiplexer Inputs ; Bus Width ; Baseline Area ; Area if Restructured ; Saving if Restructured ; Registered ; Example Multiplexer Output ;
+--------------------+-----------+---------------+----------------------+------------------------+------------+----------------------------+
; 130:1              ; 4 bits    ; 344 LEs       ; 28 LEs               ; 316 LEs                ; Yes        ; |gn|g_number_unit[2]       ;
; 132:1              ; 6 bits    ; 528 LEs       ; 48 LEs               ; 480 LEs                ; Yes        ; |gn|g_number_ten[4]        ;
; 135:1              ; 7 bits    ; 630 LEs       ; 56 LEs               ; 574 LEs                ; Yes        ; |gn|g_unit[5]~reg0         ;
; 137:1              ; 7 bits    ; 637 LEs       ; 56 LEs               ; 581 LEs                ; Yes        ; |gn|g_ten[1]~reg0          ;
; 4:1                ; 2 bits    ; 4 LEs         ; 2 LEs                ; 2 LEs                  ; No         ; |gn|state~6                ;
+--------------------+-----------+---------------+----------------------+------------------------+------------+----------------------------+


+--------------------------------------------------------------------+
; Parameter Settings for User Entity Instance: Top-level Entity: |gn ;
+----------------+----------+----------------------------------------+
; Parameter Name ; Value    ; Type                                   ;
+----------------+----------+----------------------------------------+
; zero           ; 11000000 ; Unsigned Binary                        ;
; one            ; 11111001 ; Unsigned Binary                        ;
; two            ; 10100100 ; Unsigned Binary                        ;
; three          ; 10110000 ; Unsigned Binary                        ;
; four           ; 10011001 ; Unsigned Binary                        ;
; five           ; 10010010 ; Unsigned Binary                        ;
; six            ; 10000010 ; Unsigned Binary                        ;
; seven          ; 11111000 ; Unsigned Binary                        ;
; eight          ; 10000000 ; Unsigned Binary                        ;
; nine           ; 10010000 ; Unsigned Binary                        ;
; blank          ; 11111111 ; Unsigned Binary                        ;
+----------------+----------+----------------------------------------+
Note: In order to hide this table in the UI and the text report file, please set the "Show Parameter Settings Tables in Synthesis Report" option in "Analysis and Synthesis Settings -> More Settings" to "Off".


+------------------------------------------------------------------+
; Parameter Settings for Inferred Entity Instance: lpm_divide:Mod0 ;
+------------------------+----------------+------------------------+
; Parameter Name         ; Value          ; Type                   ;
+------------------------+----------------+------------------------+
; LPM_WIDTHN             ; 7              ; Untyped                ;
; LPM_WIDTHD             ; 7              ; Untyped                ;
; LPM_NREPRESENTATION    ; UNSIGNED       ; Untyped                ;
; LPM_DREPRESENTATION    ; UNSIGNED       ; Untyped                ;
; LPM_PIPELINE           ; 0              ; Untyped                ;
; LPM_REMAINDERPOSITIVE  ; TRUE           ; Untyped                ;
; MAXIMIZE_SPEED         ; 5              ; Untyped                ;
; CBXI_PARAMETER         ; lpm_divide_ktl ; Untyped                ;
; CARRY_CHAIN            ; MANUAL         ; Untyped                ;
; OPTIMIZE_FOR_SPEED     ; 5              ; Untyped                ;
; AUTO_CARRY_CHAINS      ; ON             ; AUTO_CARRY             ;
; IGNORE_CARRY_BUFFERS   ; OFF            ; IGNORE_CARRY           ;
; AUTO_CASCADE_CHAINS    ; ON             ; AUTO_CASCADE           ;
; IGNORE_CASCADE_BUFFERS ; OFF            ; IGNORE_CASCADE         ;
+------------------------+----------------+------------------------+
Note: In order to hide this table in the UI and the text report file, please set the "Show Parameter Settings Tables in Synthesis Report" option in "Analysis and Synthesis Settings -> More Settings" to "Off".


+-------------------------------+
; Analysis & Synthesis Messages ;
+-------------------------------+
Info: *******************************************************************
Info: Running Quartus II Analysis & Synthesis
    Info: Version 9.0 Build 132 02/25/2009 SJ Web Edition
    Info: Processing started: Wed Dec 04 15:32:08 2019
Info: Command: quartus_map --read_settings_files=on --write_settings_files=off gn -c gn
Info: Found 1 design units, including 1 entities, in source file gn.v
    Info: Found entity 1: gn
Info: Elaborating entity "gn" for the top level hierarchy
Warning (10230): Verilog HDL assignment warning at gn.v(73): truncated value with size 32 to match size of target (7)
Info: Inferred 1 megafunctions from design logic
    Info: Inferred divider/modulo megafunction ("lpm_divide") from the following logic: "Mod0"
Info: Elaborated megafunction instantiation "lpm_divide:Mod0"
Info: Instantiated megafunction "lpm_divide:Mod0" with the following parameter:
    Info: Parameter "LPM_WIDTHN" = "7"
    Info: Parameter "LPM_WIDTHD" = "7"
    Info: Parameter "LPM_NREPRESENTATION" = "UNSIGNED"
    Info: Parameter "LPM_DREPRESENTATION" = "UNSIGNED"
Info: Found 1 design units, including 1 entities, in source file db/lpm_divide_ktl.tdf
    Info: Found entity 1: lpm_divide_ktl
Info: Found 1 design units, including 1 entities, in source file db/sign_div_unsign_dkh.tdf
    Info: Found entity 1: sign_div_unsign_dkh
Info: Found 1 design units, including 1 entities, in source file db/alt_u_div_aoe.tdf
    Info: Found entity 1: alt_u_div_aoe
Info: Found 1 design units, including 1 entities, in source file db/add_sub_3dc.tdf
    Info: Found entity 1: add_sub_3dc
Info: Found 1 design units, including 1 entities, in source file db/add_sub_4dc.tdf
    Info: Found entity 1: add_sub_4dc
Info: Found 1 design units, including 1 entities, in source file db/add_sub_5dc.tdf
    Info: Found entity 1: add_sub_5dc
Info: Found 1 design units, including 1 entities, in source file db/add_sub_6dc.tdf
    Info: Found entity 1: add_sub_6dc
Info: Found 1 design units, including 1 entities, in source file db/add_sub_7dc.tdf
    Info: Found entity 1: add_sub_7dc
Info: Found 1 design units, including 1 entities, in source file db/add_sub_8dc.tdf
    Info: Found entity 1: add_sub_8dc
Info: Found 1 design units, including 1 entities, in source file db/add_sub_9dc.tdf
    Info: Found entity 1: add_sub_9dc
Info: Registers with preset signals will power-up high
Info: 4 registers lost all their fanouts during netlist optimizations. The first 4 are displayed below.
    Info: Register "state~18" lost all its fanouts during netlist optimizations.
    Info: Register "state~19" lost all its fanouts during netlist optimizations.
    Info: Register "state~20" lost all its fanouts during netlist optimizations.
    Info: Register "state~21" lost all its fanouts during netlist optimizations.
Info: Generated suppressed messages file C:/Users/user/Desktop/B10607044_¼ï¤D¦Ö_Project/gn.map.smsg
Info: Implemented 261 device resources after synthesis - the final resource count might be different
    Info: Implemented 10 input pins
    Info: Implemented 48 output pins
    Info: Implemented 203 logic cells
Info: Quartus II Analysis & Synthesis was successful. 0 errors, 1 warning
    Info: Peak virtual memory: 255 megabytes
    Info: Processing ended: Wed Dec 04 15:32:10 2019
    Info: Elapsed time: 00:00:02
    Info: Total CPU time (on all processors): 00:00:02


+------------------------------------------+
; Analysis & Synthesis Suppressed Messages ;
+------------------------------------------+
The suppressed messages can be found in C:/Users/user/Desktop/B10607044_¼ï¤D¦Ö_Project/gn.map.smsg.


